<?xml version="1.0" encoding="UTF-8"?>
<testng-results ignored="0" total="1" passed="1" failed="0" skipped="0">
  <reporter-output>
    <line>
      <![CDATA[Process started]]>
    </line>
    <line>
      <![CDATA[Start]]>
    </line>
    <line>
      <![CDATA[Listener Started]]>
    </line>
    <line>
      <![CDATA[TestCase execution Passed]]>
    </line>
    <line>
      <![CDATA[Ending Method]]>
    </line>
    <line>
      <![CDATA[Process completed successfully]]>
    </line>
  </reporter-output>
  <suite started-at="2024-02-21T11:31:05 UTC" name="Default suite" finished-at="2024-02-21T11:31:27 UTC" duration-ms="22005">
    <groups>
    </groups>
    <test started-at="2024-02-21T11:31:05 UTC" name="Default test" finished-at="2024-02-21T11:31:27 UTC" duration-ms="22005">
      <class name="flipkart.Test02_Test">
        <test-method is-config="true" signature="preCon()[pri:0, instance:flipkart.Test02_Test@4bb33f74]" started-at="2024-02-21T11:31:05 UTC" name="preCon" finished-at="2024-02-21T11:31:05 UTC" duration-ms="18" status="PASS">
          <reporter-output>
            <line>
              <![CDATA[Process started]]>
            </line>
          </reporter-output>
        </test-method> <!-- preCon -->
        <test-method is-config="true" signature="launch()[pri:0, instance:flipkart.Test02_Test@4bb33f74]" started-at="2024-02-21T11:31:05 UTC" name="launch" finished-at="2024-02-21T11:31:12 UTC" duration-ms="6856" status="PASS">
          <reporter-output>
          </reporter-output>
        </test-method> <!-- launch -->
        <test-method is-config="true" signature="start()[pri:0, instance:flipkart.Test02_Test@4bb33f74]" started-at="2024-02-21T11:31:12 UTC" name="start" finished-at="2024-02-21T11:31:12 UTC" duration-ms="0" status="PASS">
          <reporter-output>
            <line>
              <![CDATA[Start]]>
            </line>
          </reporter-output>
        </test-method> <!-- start -->
        <test-method signature="fashion()[pri:0, instance:flipkart.Test02_Test@4bb33f74]" started-at="2024-02-21T11:31:12 UTC" name="fashion" finished-at="2024-02-21T11:31:26 UTC" duration-ms="14443" status="PASS">
          <reporter-output>
            <line>
              <![CDATA[Listener Started]]>
            </line>
            <line>
              <![CDATA[TestCase execution Passed]]>
            </line>
          </reporter-output>
        </test-method> <!-- fashion -->
        <test-method is-config="true" signature="end()[pri:0, instance:flipkart.Test02_Test@4bb33f74]" started-at="2024-02-21T11:31:26 UTC" name="end" finished-at="2024-02-21T11:31:26 UTC" duration-ms="2" status="PASS">
          <reporter-output>
            <line>
              <![CDATA[Ending Method]]>
            </line>
          </reporter-output>
        </test-method> <!-- end -->
        <test-method is-config="true" signature="test98()[pri:0, instance:flipkart.Test02_Test@4bb33f74]" started-at="2024-02-21T11:31:26 UTC" name="test98" finished-at="2024-02-21T11:31:27 UTC" duration-ms="587" status="PASS">
          <reporter-output>
          </reporter-output>
        </test-method> <!-- test98 -->
        <test-method is-config="true" signature="postConditions()[pri:0, instance:flipkart.Test02_Test@4bb33f74]" started-at="2024-02-21T11:31:27 UTC" name="postConditions" finished-at="2024-02-21T11:31:27 UTC" duration-ms="3" status="PASS">
          <reporter-output>
            <line>
              <![CDATA[Process completed successfully]]>
            </line>
          </reporter-output>
        </test-method> <!-- postConditions -->
      </class> <!-- flipkart.Test02_Test -->
    </test> <!-- Default test -->
  </suite> <!-- Default suite -->
</testng-results>
