<?xml version="1.0" encoding="UTF-8"?>
<!-- Generated by org.testng.reporters.JUnitXMLReporter -->
<testsuite ignored="0" hostname="Narmutest" failures="0" tests="5" name="Test1" time="32.91" errors="0" timestamp="2024-02-09T10:02:00 UTC">
  <testcase classname="batchExecution.LaunchDemo" name="launch" time="5.168"/>
  <testcase classname="batchExecution.LaunchSwiggy" name="launch" time="3.88"/>
  <testcase classname="batchExecution.LaunchLoreal" name="launch" time="5.126"/>
  <testcase classname="batchExecution.LaunchLakme" name="launch" time="9.046"/>
  <testcase classname="batchExecution.LaunchPurplle" name="launch" time="9.604"/>
</testsuite> <!-- Test1 -->
