<?xml version="1.0" encoding="UTF-8"?>
<!-- Generated by org.testng.reporters.JUnitXMLReporter -->
<testsuite ignored="2" hostname="Narmutest" failures="0" tests="1" name="Test2" time="31.784" errors="0" timestamp="2024-02-09T10:15:31 UTC">
  <testcase classname="Assignments.DemoWebShopMain" name="product" time="18.94"/>
  <testcase classname="Assignments.DemoWebShop" name="@BeforeTest preCon" time="0.0">
    <ignored/>
  </testcase> <!-- @BeforeTest preCon -->
  <testcase classname="Assignments.DemoWebShop" name="@AfterTest postConditions" time="0.0">
    <ignored/>
  </testcase> <!-- @AfterTest postConditions -->
</testsuite> <!-- Test2 -->
