<?xml version="1.0" encoding="UTF-8"?>
<testng-results ignored="2" total="3" passed="1" failed="0" skipped="0">
  <reporter-output>
    <line>
      <![CDATA[Process started]]>
    </line>
    <line>
      <![CDATA[Start]]>
    </line>
    <line>
      <![CDATA[Ending Method]]>
    </line>
    <line>
      <![CDATA[Process completed successfully]]>
    </line>
  </reporter-output>
  <suite started-at="2024-02-20T19:19:59 UTC" name="Surefire suite" finished-at="2024-02-20T19:20:12 UTC" duration-ms="12934">
    <groups>
    </groups>
    <test started-at="2024-02-20T19:19:59 UTC" name="Surefire test" finished-at="2024-02-20T19:20:12 UTC" duration-ms="12934">
      <class name="flipkart.BaseClass_Test">
        <test-method is-config="true" signature="preCon()[pri:0, instance:flipkart.BaseClass_Test@707194ba]" started-at="2024-02-20T19:19:59 UTC" name="preCon" finished-at="2024-02-20T19:19:59 UTC" duration-ms="12" status="PASS">
          <reporter-output>
            <line>
              <![CDATA[Process started]]>
            </line>
          </reporter-output>
        </test-method> <!-- preCon -->
        <test-method is-config="true" signature="postConditions()[pri:0, instance:flipkart.BaseClass_Test@707194ba]" started-at="2024-02-20T19:20:12 UTC" name="postConditions" finished-at="2024-02-20T19:20:12 UTC" duration-ms="0" status="PASS">
          <reporter-output>
            <line>
              <![CDATA[Process completed successfully]]>
            </line>
          </reporter-output>
        </test-method> <!-- postConditions -->
      </class> <!-- flipkart.BaseClass_Test -->
      <class name="flipkart.Test01_Test">
        <test-method is-config="true" signature="launch()[pri:0, instance:flipkart.Test01_Test@1190200a]" started-at="2024-02-20T19:19:59 UTC" name="launch" finished-at="2024-02-20T19:20:05 UTC" duration-ms="6242" status="PASS">
          <reporter-output>
          </reporter-output>
        </test-method> <!-- launch -->
        <test-method is-config="true" signature="start()[pri:0, instance:flipkart.Test01_Test@1190200a]" started-at="2024-02-20T19:20:05 UTC" name="start" finished-at="2024-02-20T19:20:05 UTC" duration-ms="1" status="PASS">
          <reporter-output>
            <line>
              <![CDATA[Start]]>
            </line>
          </reporter-output>
        </test-method> <!-- start -->
        <test-method signature="grocery()[pri:0, instance:flipkart.Test01_Test@1190200a]" started-at="2024-02-20T19:20:05 UTC" name="grocery" finished-at="2024-02-20T19:20:12 UTC" duration-ms="6627" status="PASS">
          <reporter-output>
          </reporter-output>
        </test-method> <!-- grocery -->
        <test-method is-config="true" signature="end()[pri:0, instance:flipkart.Test01_Test@1190200a]" started-at="2024-02-20T19:20:12 UTC" name="end" finished-at="2024-02-20T19:20:12 UTC" duration-ms="0" status="PASS">
          <reporter-output>
            <line>
              <![CDATA[Ending Method]]>
            </line>
          </reporter-output>
        </test-method> <!-- end -->
      </class> <!-- flipkart.Test01_Test -->
    </test> <!-- Surefire test -->
  </suite> <!-- Surefire suite -->
</testng-results>
