<?xml version="1.0" encoding="UTF-8"?>
<testng-results ignored="0" total="1" passed="1" failed="0" skipped="0">
  <reporter-output>
    <line>
      <![CDATA[Process started]]>
    </line>
    <line>
      <![CDATA[Start]]>
    </line>
    <line>
      <![CDATA[Hello]]>
    </line>
    <line>
      <![CDATA[Ending Method]]>
    </line>
    <line>
      <![CDATA[Process completed successfully]]>
    </line>
  </reporter-output>
  <suite started-at="2024-02-20T19:10:57 UTC" name="Default suite" finished-at="2024-02-20T19:11:04 UTC" duration-ms="6210">
    <groups>
    </groups>
    <test started-at="2024-02-20T19:10:57 UTC" name="Default test" finished-at="2024-02-20T19:11:04 UTC" duration-ms="6210">
      <class name="ChildClass1_Test">
        <test-method is-config="true" signature="preCon()[pri:0, instance:ChildClass1_Test@37654521]" started-at="2024-02-20T19:10:57 UTC" name="preCon" finished-at="2024-02-20T19:10:57 UTC" duration-ms="8" status="PASS">
          <reporter-output>
            <line>
              <![CDATA[Process started]]>
            </line>
          </reporter-output>
        </test-method> <!-- preCon -->
        <test-method is-config="true" signature="launch()[pri:0, instance:ChildClass1_Test@37654521]" started-at="2024-02-20T19:10:57 UTC" name="launch" finished-at="2024-02-20T19:11:04 UTC" duration-ms="6136" status="PASS">
          <reporter-output>
          </reporter-output>
        </test-method> <!-- launch -->
        <test-method is-config="true" signature="start()[pri:0, instance:ChildClass1_Test@37654521]" started-at="2024-02-20T19:11:04 UTC" name="start" finished-at="2024-02-20T19:11:04 UTC" duration-ms="1" status="PASS">
          <reporter-output>
            <line>
              <![CDATA[Start]]>
            </line>
          </reporter-output>
        </test-method> <!-- start -->
        <test-method signature="hello()[pri:0, instance:ChildClass1_Test@37654521]" started-at="2024-02-20T19:11:04 UTC" name="hello" finished-at="2024-02-20T19:11:04 UTC" duration-ms="8" status="PASS">
          <reporter-output>
            <line>
              <![CDATA[Hello]]>
            </line>
          </reporter-output>
        </test-method> <!-- hello -->
        <test-method is-config="true" signature="end()[pri:0, instance:ChildClass1_Test@37654521]" started-at="2024-02-20T19:11:04 UTC" name="end" finished-at="2024-02-20T19:11:04 UTC" duration-ms="0" status="PASS">
          <reporter-output>
            <line>
              <![CDATA[Ending Method]]>
            </line>
          </reporter-output>
        </test-method> <!-- end -->
        <test-method is-config="true" signature="postConditions()[pri:0, instance:ChildClass1_Test@37654521]" started-at="2024-02-20T19:11:04 UTC" name="postConditions" finished-at="2024-02-20T19:11:04 UTC" duration-ms="1" status="PASS">
          <reporter-output>
            <line>
              <![CDATA[Process completed successfully]]>
            </line>
          </reporter-output>
        </test-method> <!-- postConditions -->
      </class> <!-- ChildClass1_Test -->
    </test> <!-- Default test -->
  </suite> <!-- Default suite -->
</testng-results>
