<?xml version="1.0" encoding="UTF-8"?>
<!-- Generated by org.testng.reporters.JUnitXMLReporter -->
<testsuite ignored="0" hostname="Narmutest" failures="0" tests="4" name="Test" time="32.014" errors="0" timestamp="2024-03-06T11:04:04 UTC">
  <testcase classname="beauty.Purplle_Test" name="launch" time="9.66"/>
  <testcase classname="beauty.Loreal_Test" name="launch" time="6.934"/>
  <testcase classname="beauty.Lakme_Test" name="launch" time="9.59"/>
  <testcase classname="beauty.Maybelline_Test" name="launch" time="5.759"/>
</testsuite> <!-- Test -->
