<?xml version="1.0" encoding="UTF-8"?>
<testng-results ignored="0" total="1" passed="1" failed="0" skipped="0">
  <reporter-output>
    <line>
      <![CDATA[Logging In]]>
    </line>
    <line>
      <![CDATA[Log in Sucessful]]>
    </line>
    <line>
      <![CDATA[Total Amount is 820.00]]>
    </line>
    <line>
      <![CDATA[Process completed successfully]]>
    </line>
  </reporter-output>
  <suite started-at="2024-02-20T17:21:34 UTC" name="Default suite" finished-at="2024-02-20T17:22:04 UTC" duration-ms="29951">
    <groups>
    </groups>
    <test started-at="2024-02-20T17:21:34 UTC" name="Default test" finished-at="2024-02-20T17:22:04 UTC" duration-ms="29951">
      <class name="Assignments.DemoWebShopMain">
        <test-method is-config="true" signature="preCon()[pri:0, instance:Assignments.DemoWebShopMain@2b91004a]" started-at="2024-02-20T17:21:34 UTC" name="preCon" finished-at="2024-02-20T17:21:36 UTC" duration-ms="2545" status="PASS">
          <reporter-output>
          </reporter-output>
        </test-method> <!-- preCon -->
        <test-method is-config="true" signature="launch()[pri:0, instance:Assignments.DemoWebShopMain@2b91004a]" started-at="2024-02-20T17:21:36 UTC" name="launch" finished-at="2024-02-20T17:21:38 UTC" duration-ms="2199" status="PASS">
          <reporter-output>
          </reporter-output>
        </test-method> <!-- launch -->
        <test-method is-config="true" signature="login()[pri:0, instance:Assignments.DemoWebShopMain@2b91004a]" started-at="2024-02-20T17:21:38 UTC" name="login" finished-at="2024-02-20T17:21:40 UTC" duration-ms="1755" status="PASS">
          <reporter-output>
          </reporter-output>
        </test-method> <!-- login -->
        <test-method is-config="true" signature="test()[pri:0, instance:Assignments.DemoWebShopMain@2b91004a]" started-at="2024-02-20T17:21:40 UTC" name="test" finished-at="2024-02-20T17:21:40 UTC" duration-ms="82" status="PASS">
          <reporter-output>
            <line>
              <![CDATA[Logging In]]>
            </line>
            <line>
              <![CDATA[Log in Sucessful]]>
            </line>
          </reporter-output>
        </test-method> <!-- test -->
        <test-method signature="product()[pri:0, instance:Assignments.DemoWebShopMain@2b91004a]" started-at="2024-02-20T17:21:40 UTC" name="product" finished-at="2024-02-20T17:21:59 UTC" duration-ms="18212" status="PASS">
          <reporter-output>
            <line>
              <![CDATA[Total Amount is 820.00]]>
            </line>
          </reporter-output>
        </test-method> <!-- product -->
        <test-method is-config="true" signature="logout()[pri:0, instance:Assignments.DemoWebShopMain@2b91004a]" started-at="2024-02-20T17:21:59 UTC" name="logout" finished-at="2024-02-20T17:22:01 UTC" duration-ms="2712" status="PASS">
          <reporter-output>
          </reporter-output>
        </test-method> <!-- logout -->
        <test-method is-config="true" signature="quitBrowser()[pri:0, instance:Assignments.DemoWebShopMain@2b91004a]" started-at="2024-02-20T17:22:01 UTC" name="quitBrowser" finished-at="2024-02-20T17:22:04 UTC" duration-ms="2389" status="PASS">
          <reporter-output>
          </reporter-output>
        </test-method> <!-- quitBrowser -->
        <test-method is-config="true" signature="postConditions()[pri:0, instance:Assignments.DemoWebShopMain@2b91004a]" started-at="2024-02-20T17:22:04 UTC" name="postConditions" finished-at="2024-02-20T17:22:04 UTC" duration-ms="2" status="PASS">
          <reporter-output>
            <line>
              <![CDATA[Process completed successfully]]>
            </line>
          </reporter-output>
        </test-method> <!-- postConditions -->
      </class> <!-- Assignments.DemoWebShopMain -->
    </test> <!-- Default test -->
  </suite> <!-- Default suite -->
</testng-results>
