<?xml version="1.0" encoding="UTF-8"?>
<!-- Generated by org.testng.reporters.JUnitXMLReporter -->
<testsuite ignored="2" hostname="Narmutest" failures="0" tests="1" name="Surefire test" time="12.934" errors="0" timestamp="2024-02-20T19:20:12 UTC">
  <testcase classname="flipkart.Test01_Test" name="grocery" time="6.627"/>
  <testcase classname="flipkart.BaseClass_Test" name="@AfterTest postConditions" time="0.0">
    <ignored/>
  </testcase> <!-- @AfterTest postConditions -->
  <testcase classname="flipkart.BaseClass_Test" name="@BeforeTest preCon" time="0.0">
    <ignored/>
  </testcase> <!-- @BeforeTest preCon -->
</testsuite> <!-- Surefire test -->
