<?xml version="1.0" encoding="UTF-8"?>
<!-- Generated by org.testng.reporters.JUnitXMLReporter -->
<testsuite ignored="0" hostname="Narmutest" failures="0" tests="3" name="Test3" time="15.523" errors="0" timestamp="2024-02-12T10:56:19 UTC">
  <testcase classname="batchExecution.CrossBrowserAddingItems" name="launch" time="14.58"/>
  <testcase classname="batchExecution.CrossBrowserTesting" name="launch" time="14.821"/>
  <testcase classname="batchExecution.CrossBrowserRegister" name="launch" time="15.502"/>
</testsuite> <!-- Test3 -->
