<?xml version="1.0" encoding="UTF-8"?>
<!-- Generated by org.testng.reporters.JUnitXMLReporter -->
<testsuite ignored="0" hostname="Narmutest" failures="0" tests="3" name="Test2" time="21.87" errors="0" timestamp="2024-02-12T10:56:04 UTC">
  <testcase classname="batchExecution.CrossBrowserTesting" name="launch" time="21.608"/>
  <testcase classname="batchExecution.CrossBrowserRegister" name="launch" time="21.826"/>
  <testcase classname="batchExecution.CrossBrowserAddingItems" name="launch" time="21.803"/>
</testsuite> <!-- Test2 -->
