<?xml version="1.0" encoding="UTF-8"?>
<!-- Generated by org.testng.reporters.JUnitXMLReporter -->
<testsuite ignored="0" hostname="Narmutest" failures="0" tests="3" name="Test1" time="13.751" errors="0" timestamp="2024-02-12T10:55:42 UTC">
  <testcase classname="batchExecution.CrossBrowserTesting" name="launch" time="11.657"/>
  <testcase classname="batchExecution.CrossBrowserAddingItems" name="launch" time="12.004"/>
  <testcase classname="batchExecution.CrossBrowserRegister" name="launch" time="13.659"/>
</testsuite> <!-- Test1 -->
