<?xml version="1.0" encoding="UTF-8"?>
<!-- Generated by org.testng.reporters.JUnitXMLReporter -->
<testsuite ignored="1" hostname="Narmutest" failures="0" tests="2" name="Test" time="14.45" errors="0" timestamp="2024-02-09T11:21:07 UTC">
  <testcase classname="DemoWebShop.RegisterDetails1" name="register" time="7.671"/>
  <testcase classname="DemoWebShop.RegisterDetails2" name="register" time="6.683"/>
  <testcase classname="DemoWebShop.RegisterDetails3" name="register" time="0.0">
    <ignored/>
  </testcase> <!-- register -->
</testsuite> <!-- Test -->
