<?xml version="1.0" encoding="UTF-8"?>
<!-- Generated by org.testng.reporters.JUnitXMLReporter -->
<testsuite ignored="0" hostname="Narmutest" failures="0" tests="11" name="Surefire test" time="83.769" errors="0" timestamp="2024-03-06T11:05:41 UTC">
  <testcase classname="beauty.Lakme_Test" name="launch" time="12.921"/>
  <testcase classname="beauty.Loreal_Test" name="launch" time="7.518"/>
  <testcase classname="beauty.Maybelline_Test" name="launch" time="7.619"/>
  <testcase classname="beauty.Purplle_Test" name="launch" time="7.432"/>
  <testcase classname="common.DemoWebShop_Test" name="launch" time="6.241"/>
  <testcase classname="common.MakeMyTrip_Test" name="launch" time="6.819"/>
  <testcase classname="common.Omayo_Test" name="launch" time="6.378"/>
  <testcase classname="food.Dominos_Test" name="launch" time="6.86"/>
  <testcase classname="food.Swiggy_Test" name="launch" time="6.421"/>
  <testcase classname="food.Ubereats_Test" name="launch" time="8.626"/>
  <testcase classname="smoke.TestScript_01_Test" name="launch" time="6.772"/>
</testsuite> <!-- Surefire test -->
